<?xml version="1.0" encoding="UTF-8"?>
<!-- Generated by org.testng.reporters.JUnitXMLReporter -->
<testsuite ignored="0" hostname="DESKTOP-FUQKOE5" failures="0" tests="0" name="chrometest" time="107.76" errors="0" timestamp="2025-08-30T23:43:54 BDT">
  <testcase classname="testBase.BaseClass" name="@AfterClass tearDown" time="0.003">
    <failure type="java.util.concurrent.RejectedExecutionException" message="Task java.util.concurrent.FutureTask@46620b45[Not completed, task = java.util.concurrent.Executors$RunnableAdapter@2be2b0b2[Wrapped task = org.openqa.selenium.remote.http.jdk.JdkHttpClient$$Lambda/0x00000291b63eb880@7cfffdcd]] rejected from java.util.concurrent.ThreadPoolExecutor@759bb21d[Shutting down, pool size = 1, active threads = 1, queued tasks = 0, completed tasks = 12]">
      <![CDATA[java.util.concurrent.RejectedExecutionException: Task java.util.concurrent.FutureTask@46620b45[Not completed, task = java.util.concurrent.Executors$RunnableAdapter@2be2b0b2[Wrapped task = org.openqa.selenium.remote.http.jdk.JdkHttpClient$$Lambda/0x00000291b63eb880@7cfffdcd]] rejected from java.util.concurrent.ThreadPoolExecutor@759bb21d[Shutting down, pool size = 1, active threads = 1, queued tasks = 0, completed tasks = 12]
at java.base/java.util.concurrent.ThreadPoolExecutor$AbortPolicy.rejectedExecution(ThreadPoolExecutor.java:2081)
at java.base/java.util.concurrent.ThreadPoolExecutor.reject(ThreadPoolExecutor.java:841)
at java.base/java.util.concurrent.ThreadPoolExecutor.execute(ThreadPoolExecutor.java:1376)
at java.base/java.util.concurrent.AbstractExecutorService.submit(AbstractExecutorService.java:123)
at org.openqa.selenium.remote.http.jdk.JdkHttpClient.close(JdkHttpClient.java:528)
at org.openqa.selenium.devtools.Connection.close(Connection.java:227)
at org.openqa.selenium.devtools.DevTools.close(DevTools.java:61)
at java.base/java.util.Optional.ifPresent(Optional.java:178)
at org.openqa.selenium.remote.RemoteWebDriver.quit(RemoteWebDriver.java:451)
at org.openqa.selenium.chromium.ChromiumDriver.quit(ChromiumDriver.java:404)
at testBase.BaseClass.tearDown(BaseClass.java:64)
at java.base/java.util.ArrayList.forEach(ArrayList.java:1596)
at java.base/java.util.concurrent.FutureTask.run(FutureTask.java:317)
at java.base/java.util.concurrent.ThreadPoolExecutor.runWorker(ThreadPoolExecutor.java:1144)
at java.base/java.util.concurrent.ThreadPoolExecutor$Worker.run(ThreadPoolExecutor.java:642)
at java.base/java.lang.Thread.run(Thread.java:1583)
... Removed 14 stack frames]]>
    </failure>
  </testcase> <!-- @AfterClass tearDown -->
  <testcase classname="testBase.BaseClass" name="@AfterClass tearDown" time="0.009">
    <failure type="java.lang.NullPointerException" message="Cannot invoke &amp;quot;java.lang.Integer.intValue()&amp;quot; because the return value of &amp;quot;org.openqa.selenium.remote.Response.getStatus()&amp;quot; is null">
      <![CDATA[java.lang.NullPointerException: Cannot invoke "java.lang.Integer.intValue()" because the return value of "org.openqa.selenium.remote.Response.getStatus()" is null
at org.openqa.selenium.remote.ErrorHandler.throwIfResponseFailed(ErrorHandler.java:99)
at org.openqa.selenium.remote.RemoteWebDriver.execute(RemoteWebDriver.java:610)
at org.openqa.selenium.remote.RemoteWebDriver.execute(RemoteWebDriver.java:630)
at org.openqa.selenium.remote.RemoteWebDriver.execute(RemoteWebDriver.java:634)
at org.openqa.selenium.remote.RemoteWebDriver.quit(RemoteWebDriver.java:458)
at org.openqa.selenium.chromium.ChromiumDriver.quit(ChromiumDriver.java:404)
at testBase.BaseClass.tearDown(BaseClass.java:64)
at java.base/java.util.ArrayList.forEach(ArrayList.java:1596)
at java.base/java.util.concurrent.FutureTask.run(FutureTask.java:317)
at java.base/java.util.concurrent.ThreadPoolExecutor.runWorker(ThreadPoolExecutor.java:1144)
at java.base/java.util.concurrent.ThreadPoolExecutor$Worker.run(ThreadPoolExecutor.java:642)
at java.base/java.lang.Thread.run(Thread.java:1583)
... Removed 14 stack frames]]>
    </failure>
  </testcase> <!-- @AfterClass tearDown -->
</testsuite> <!-- chrometest -->
